<?xml version="1.0" encoding="UTF-8"?>
<!-- Generated by org.testng.reporters.JUnitReportReporter -->
<testsuite hostname="DESKTOP-QVE242R" failures="0" tests="4" name="com.actitime.testng.ProjectModule" time="0.032" errors="0" timestamp="2023-07-18T11:36:43 IST" skipped="0">
  <testcase classname="com.actitime.testng.ProjectModule" name="createflipCustomer" time="0.022">
    <system-out>
      <![CDATA[createflipCustomer]]>
    </system-out>
  </testcase> <!-- createflipCustomer -->
  <testcase classname="com.actitime.testng.ProjectModule" name="modifyflipCustomer" time="0.003">
    <system-out>
      <![CDATA[modifyflipCustomer]]>
    </system-out>
  </testcase> <!-- modifyflipCustomer -->
  <testcase classname="com.actitime.testng.ProjectModule" name="deleteflipCustomer" time="0.004">
    <system-out>
      <![CDATA[deleteflipCustomer]]>
    </system-out>
  </testcase> <!-- deleteflipCustomer -->
  <testcase classname="com.actitime.testng.ProjectModule" name="buyaproduct" time="0.003">
    <system-out>
      <![CDATA[buyaproduct]]>
    </system-out>
  </testcase> <!-- buyaproduct -->
  <system-out>
    <![CDATA[createflipCustomer
modifyflipCustomer
deleteflipCustomer
buyaproduct]]>
  </system-out>
</testsuite> <!-- com.actitime.testng.ProjectModule -->
