<?xml version="1.0" encoding="UTF-8"?>
<!-- Generated by org.testng.reporters.JUnitReportReporter -->
<testsuite hostname="DESKTOP-QVE242R" failures="0" tests="4" name="Annotation.CustomerModule" time="0.037" errors="0" timestamp="2023-07-14T08:14:12 IST" skipped="0">
  <testcase classname="Annotation.CustomerModule" name="deletecustomer" time="0.020">
    <system-out>
      <![CDATA[deleteC]]>
    </system-out>
  </testcase> <!-- deletecustomer -->
  <testcase classname="Annotation.CustomerModule" name="registercustomer" time="0.004">
    <system-out>
      <![CDATA[register]]>
    </system-out>
  </testcase> <!-- registercustomer -->
  <testcase classname="Annotation.CustomerModule" name="editCustomer" time="0.007">
    <system-out>
      <![CDATA[edit]]>
    </system-out>
  </testcase> <!-- editCustomer -->
  <testcase classname="Annotation.CustomerModule" name="editCustomer" time="0.006">
    <system-out>
      <![CDATA[edit]]>
    </system-out>
  </testcase> <!-- editCustomer -->
  <system-out>
    <![CDATA[open browser
login
deleteC
login
register
login
edit
login
edit
close browser]]>
  </system-out>
</testsuite> <!-- Annotation.CustomerModule -->
