<?xml version="1.0" encoding="UTF-8"?>
<!-- Generated by org.testng.reporters.JUnitReportReporter -->
<testsuite hostname="DESKTOP-QVE242R" failures="0" tests="1" name="com.actitime.testng.Demotestng" time="0.019" errors="0" timestamp="2023-07-12T21:39:07 IST" skipped="0">
  <testcase classname="com.actitime.testng.Demotestng" name="demo" time="0.019">
    <system-out>
      <![CDATA[Welcome to testNG
Bye
Hello]]>
    </system-out>
  </testcase> <!-- demo -->
  <system-out>
    <![CDATA[Welcome to testNG
Bye
Hello]]>
  </system-out>
</testsuite> <!-- com.actitime.testng.Demotestng -->
