<?xml version="1.0" encoding="UTF-8"?>
<!-- Generated by org.testng.reporters.JUnitReportReporter -->
<testsuite hostname="DESKTOP-QVE242R" failures="0" tests="3" name="com.actitime.testng.CustomerModule" time="0.026" errors="0" timestamp="2023-07-25T22:40:09 IST" skipped="0">
  <testcase classname="com.actitime.testng.CustomerModule" name="createCustomer" time="0.020">
    <system-out>
      <![CDATA[createCustomer]]>
    </system-out>
  </testcase> <!-- createCustomer -->
  <testcase classname="com.actitime.testng.CustomerModule" name="modifyCustomer" time="0.003">
    <system-out>
      <![CDATA[modifyCustomer]]>
    </system-out>
  </testcase> <!-- modifyCustomer -->
  <testcase classname="com.actitime.testng.CustomerModule" name="deleteCustomer" time="0.003">
    <system-out>
      <![CDATA[deleteCustomer]]>
    </system-out>
  </testcase> <!-- deleteCustomer -->
  <system-out>
    <![CDATA[createCustomer
modifyCustomer
deleteCustomer]]>
  </system-out>
</testsuite> <!-- com.actitime.testng.CustomerModule -->
