<?xml version="1.0" encoding="UTF-8"?>
<!-- Generated by org.testng.reporters.JUnitReportReporter -->
<testsuite hostname="DESKTOP-QVE242R" failures="0" tests="1" name="com.actitime.testscript.CreateCustomer" time="22.034" errors="0" timestamp="2023-07-28T18:38:02 IST" skipped="0">
  <testcase classname="com.actitime.testscript.CreateCustomer" name="testcreatcustomer" time="22.034"/>
  <system-out>
    <![CDATA[open browser
login
logout
close browser]]>
  </system-out>
</testsuite> <!-- com.actitime.testscript.CreateCustomer -->
