<?xml version="1.0" encoding="UTF-8"?>
<!-- Generated by org.testng.reporters.JUnitReportReporter -->
<testsuite hostname="DESKTOP-QVE242R" failures="0" tests="1" name="com.actitime.POM.TestLogin" time="15.278" errors="0" timestamp="2023-07-21T08:00:40 IST" skipped="0">
  <testcase classname="com.actitime.POM.TestLogin" name="validLogin" time="15.278"/>
</testsuite> <!-- com.actitime.POM.TestLogin -->
